Collecting poetry==1.8.3
  Downloading poetry-1.8.3-py3-none-any.whl.metadata (6.8 kB)
Collecting build<2.0.0,>=1.0.3 (from poetry==1.8.3)
  Downloading build-1.2.1-py3-none-any.whl.metadata (4.3 kB)
Collecting cachecontrol<0.15.0,>=0.14.0 (from cachecontrol[filecache]<0.15.0,>=0.14.0->poetry==1.8.3)
  Downloading cachecontrol-0.14.0-py3-none-any.whl.metadata (3.1 kB)
Collecting cleo<3.0.0,>=2.1.0 (from poetry==1.8.3)
  Downloading cleo-2.1.0-py3-none-any.whl.metadata (12 kB)
Collecting crashtest<0.5.0,>=0.4.1 (from poetry==1.8.3)
  Downloading crashtest-0.4.1-py3-none-any.whl.metadata (1.1 kB)
Collecting dulwich<0.22.0,>=0.21.2 (from poetry==1.8.3)
  Downloading dulwich-0.21.7-cp310-cp310-manylinux_2_17_x86_64.manylinux2014_x86_64.whl.metadata (4.3 kB)
Collecting fastjsonschema<3.0.0,>=2.18.0 (from poetry==1.8.3)
  Downloading fastjsonschema-2.20.0-py3-none-any.whl.metadata (2.1 kB)
Collecting installer<0.8.0,>=0.7.0 (from poetry==1.8.3)
  Downloading installer-0.7.0-py3-none-any.whl.metadata (936 bytes)
Collecting keyring<25.0.0,>=24.0.0 (from poetry==1.8.3)
  Downloading keyring-24.3.1-py3-none-any.whl.metadata (20 kB)
Collecting packaging>=23.1 (from poetry==1.8.3)
  Downloading packaging-24.1-py3-none-any.whl.metadata (3.2 kB)
Collecting pexpect<5.0.0,>=4.7.0 (from poetry==1.8.3)
  Downloading pexpect-4.9.0-py2.py3-none-any.whl.metadata (2.5 kB)
Collecting pkginfo<2.0,>=1.10 (from poetry==1.8.3)
  Downloading pkginfo-1.11.1-py3-none-any.whl.metadata (11 kB)
Collecting platformdirs<5,>=3.0.0 (from poetry==1.8.3)
  Downloading platformdirs-4.2.2-py3-none-any.whl.metadata (11 kB)
Collecting poetry-core==1.9.0 (from poetry==1.8.3)
  Downloading poetry_core-1.9.0-py3-none-any.whl.metadata (3.5 kB)
Collecting poetry-plugin-export<2.0.0,>=1.6.0 (from poetry==1.8.3)
  Downloading poetry_plugin_export-1.8.0-py3-none-any.whl.metadata (2.8 kB)
Collecting pyproject-hooks<2.0.0,>=1.0.0 (from poetry==1.8.3)
  Downloading pyproject_hooks-1.1.0-py3-none-any.whl.metadata (1.3 kB)
Collecting requests<3.0,>=2.26 (from poetry==1.8.3)
  Downloading requests-2.32.3-py3-none-any.whl.metadata (4.6 kB)
Collecting requests-toolbelt<2.0.0,>=1.0.0 (from poetry==1.8.3)
  Downloading requests_toolbelt-1.0.0-py2.py3-none-any.whl.metadata (14 kB)
Collecting shellingham<2.0,>=1.5 (from poetry==1.8.3)
  Downloading shellingham-1.5.4-py2.py3-none-any.whl.metadata (3.5 kB)
Collecting tomli<3.0.0,>=2.0.1 (from poetry==1.8.3)
  Downloading tomli-2.0.1-py3-none-any.whl.metadata (8.9 kB)
Collecting tomlkit<1.0.0,>=0.11.4 (from poetry==1.8.3)
  Downloading tomlkit-0.12.5-py3-none-any.whl.metadata (2.7 kB)
INFO: pip is looking at multiple versions of poetry to determine which version is compatible with other requirements. This could take a while.
ERROR: Ignored the following versions that require a different python version: 0.6.2 Requires-Python >=2.7.0.0,<2.8.0.0,>=3.4.0.0,<4.0.0.0; 0.6.3 Requires-Python >=2.7.0.0,<2.8.0.0,>=3.4.0.0,<4.0.0.0
ERROR: Could not find a version that satisfies the requirement trove-classifiers>=2022.5.19 (from poetry) (from versions: none)
ERROR: No matching distribution found for trove-classifiers>=2022.5.19

Traceback:

  File "<stdin>", line 923, in main
  File "<stdin>", line 560, in run
  File "<stdin>", line 582, in install
  File "<stdin>", line 685, in install_poetry
  File "<stdin>", line 375, in pip
  File "<stdin>", line 372, in python
  File "<stdin>", line 365, in run
